[0m[[0m[0mdebug[0m] [0m[0m> Exec(compile, None, None)[0m
[0m[[0m[0mdebug[0m] [0m[0mEvaluating tasks: Compile / compile[0m
[0m[[0m[0mdebug[0m] [0m[0mRunning task... Cancel: Signal, check cycles: false, forcegc: true[0m
[0m[[0m[33mwarn[0m] [0m[0mThere may be incompatibilities among your library dependencies; run 'evicted' to see detailed eviction warnings.[0m
[0m[[0m[0minfo[0m] [0m[0mcompiling 6 Scala sources to /Users/tomadedeji/Documents/personal_project/qlik/target/scala-2.13/classes ...[0m
[0m[[0m[0minfo[0m] [0m[0mNon-compiled module 'compiler-bridge_2.13' for Scala 2.13.2. Compiling...[0m
[0m[[0m[0minfo[0m] [0m[0m  Compilation completed in 16.292s.[0m
[0m[[0m[31merror[0m] [0m[0m/Users/tomadedeji/Documents/personal_project/qlik/src/main/scala/com/qlik/map/messages/api/MessageApiServer.scala:34:7: not found: value DbConnection[0m
[0m[[0m[31merror[0m] [0m[0m      DbConnection <- Stream.eval(Database.getMongoDatabase)[0m
[0m[[0m[31merror[0m] [0m[0m      ^[0m
[0m[[0m[31merror[0m] [0m[0m/Users/tomadedeji/Documents/personal_project/qlik/src/main/scala/com/qlik/map/messages/api/MessageApiServer.scala:35:78: not found: value DbConnection[0m
[0m[[0m[31merror[0m] [0m[0m      implicit0(messageService: MessageApiService) = new MessageApiServiceIO(DbConnection)[0m
[0m[[0m[31merror[0m] [0m[0m                                                                             ^[0m
[0m[[0m[31merror[0m] [0m[0m/Users/tomadedeji/Documents/personal_project/qlik/src/main/scala/com/qlik/map/messages/api/MessageApiServer.scala:34:20: type mismatch;[0m
[0m[[0m[31merror[0m] [0m[0m found   : Any[0m
[0m[[0m[31merror[0m] [0m[0m required: com.qlik.map.messages.api.MessageApiService[0m
[0m[[0m[31merror[0m] [0m[0m      DbConnection <- Stream.eval(Database.getMongoDatabase)[0m
[0m[[0m[31merror[0m] [0m[0m                   ^[0m
[0m[[0m[31merror[0m] [0m[0m/Users/tomadedeji/Documents/personal_project/qlik/src/main/scala/com/qlik/map/messages/api/MessageApiServer.scala:44:22: type mismatch;[0m
[0m[[0m[31merror[0m] [0m[0m found   : Any[0m
[0m[[0m[31merror[0m] [0m[0m required: cats.data.Kleisli[monix.eval.Task,org.http4s.Request[monix.eval.Task],org.http4s.Response[monix.eval.Task]][0m
[0m[[0m[31merror[0m] [0m[0m        .withHttpApp(httpApp)[0m
[0m[[0m[31merror[0m] [0m[0m                     ^[0m
[0m[[0m[31merror[0m] [0m[0mfour errors found[0m
[0m[[0m[31merror[0m] [0m[0m(Compile / [31mcompileIncremental[0m) Compilation failed[0m
[0m[[0m[31merror[0m] [0m[0mTotal time: 24 s, completed 6-Apr-2021 4:14:05 PM[0m
[0m[[0m[0mdebug[0m] [0m[0m> Exec(idea-shell, None, None)[0m
